<?xml version="1.0" encoding="UTF-8"?>
<testng-results skipped="0" failed="0" total="10" passed="10">
  <reporter-output>
  </reporter-output>
  <suite name="Suite" duration-ms="173129" started-at="2020-01-27T16:46:48Z" finished-at="2020-01-27T16:49:41Z">
    <groups>
      <group name="SmokeTesting">
        <method signature="TestCreateOrganization.testCreateOrganization()[pri:3, instance:com.vtiger.scripts.TestCreateOrganization@51efea79]" name="testCreateOrganization" class="com.vtiger.scripts.TestCreateOrganization"/>
        <method signature="TestCreateOrganization.testCreateOrganizationPre()[pri:2, instance:com.vtiger.scripts.TestCreateOrganization@51efea79]" name="testCreateOrganizationPre" class="com.vtiger.scripts.TestCreateOrganization"/>
        <method signature="TestCampignModule.testCreateCampaigns()[pri:2, instance:com.vtiger.scripts.TestCampignModule@4cc0edeb]" name="testCreateCampaigns" class="com.vtiger.scripts.TestCampignModule"/>
        <method signature="TestCampignModule.testCreateProduct()[pri:1, instance:com.vtiger.scripts.TestCampignModule@4cc0edeb]" name="testCreateProduct" class="com.vtiger.scripts.TestCampignModule"/>
        <method signature="TestContactModule.createContact()[pri:1, instance:com.vtiger.scripts.TestContactModule@cc285f4]" name="createContact" class="com.vtiger.scripts.TestContactModule"/>
      </group> <!-- SmokeTesting -->
      <group name="regTesting">
        <method signature="TestCreateOrganization.testCreateOrganizationPre()[pri:2, instance:com.vtiger.scripts.TestCreateOrganization@51efea79]" name="testCreateOrganizationPre" class="com.vtiger.scripts.TestCreateOrganization"/>
        <method signature="TestCreateOrganization.testCreateOrganizationWithPhoneNo()[pri:4, instance:com.vtiger.scripts.TestCreateOrganization@51efea79]" name="testCreateOrganizationWithPhoneNo" class="com.vtiger.scripts.TestCreateOrganization"/>
        <method signature="TestCampignModule.testCreateCampaignsWithActualCost()[pri:3, instance:com.vtiger.scripts.TestCampignModule@4cc0edeb]" name="testCreateCampaignsWithActualCost" class="com.vtiger.scripts.TestCampignModule"/>
        <method signature="TestCampignModule.testCreateCampaignsWithExpectedRevenue()[pri:4, instance:com.vtiger.scripts.TestCampignModule@4cc0edeb]" name="testCreateCampaignsWithExpectedRevenue" class="com.vtiger.scripts.TestCampignModule"/>
        <method signature="TestCampignModule.testCreateProduct()[pri:1, instance:com.vtiger.scripts.TestCampignModule@4cc0edeb]" name="testCreateProduct" class="com.vtiger.scripts.TestCampignModule"/>
        <method signature="TestContactModule.createContactWithFname()[pri:2, instance:com.vtiger.scripts.TestContactModule@cc285f4]" name="createContactWithFname" class="com.vtiger.scripts.TestContactModule"/>
        <method signature="TestContactModule.createContactWithPhno()[pri:3, instance:com.vtiger.scripts.TestContactModule@cc285f4]" name="createContactWithPhno" class="com.vtiger.scripts.TestContactModule"/>
      </group> <!-- regTesting -->
    </groups>
    <test name="Test3" duration-ms="144744" started-at="2020-01-27T16:46:48Z" finished-at="2020-01-27T16:49:13Z">
      <class name="com.vtiger.scripts.TestContactModule">
        <test-method status="PASS" signature="openBrowser(java.lang.String)[pri:0, instance:com.vtiger.scripts.TestContactModule@cc285f4]" name="openBrowser" is-config="true" duration-ms="9956" started-at="2020-01-27T22:16:48Z" finished-at="2020-01-27T22:16:58Z">
          <params>
            <param index="0">
              <value>
                <![CDATA[chrome]]>
              </value>
            </param>
          </params>
          <reporter-output>
          </reporter-output>
        </test-method> <!-- openBrowser -->
        <test-method status="PASS" signature="testLogin()[pri:0, instance:com.vtiger.scripts.TestContactModule@cc285f4]" name="testLogin" is-config="true" duration-ms="13516" started-at="2020-01-27T22:16:58Z" finished-at="2020-01-27T22:17:12Z">
          <reporter-output>
          </reporter-output>
        </test-method> <!-- testLogin -->
        <test-method status="PASS" signature="createContact()[pri:1, instance:com.vtiger.scripts.TestContactModule@cc285f4]" name="createContact" duration-ms="33733" started-at="2020-01-27T22:17:12Z" finished-at="2020-01-27T22:17:45Z">
          <reporter-output>
          </reporter-output>
        </test-method> <!-- createContact -->
        <test-method status="PASS" signature="testSignOut()[pri:0, instance:com.vtiger.scripts.TestContactModule@cc285f4]" name="testSignOut" is-config="true" duration-ms="2197" started-at="2020-01-27T22:17:45Z" finished-at="2020-01-27T22:17:48Z">
          <reporter-output>
          </reporter-output>
        </test-method> <!-- testSignOut -->
        <test-method status="PASS" signature="testLogin()[pri:0, instance:com.vtiger.scripts.TestContactModule@cc285f4]" name="testLogin" is-config="true" duration-ms="5023" started-at="2020-01-27T22:17:48Z" finished-at="2020-01-27T22:17:53Z">
          <reporter-output>
          </reporter-output>
        </test-method> <!-- testLogin -->
        <test-method status="PASS" signature="createContactWithFname()[pri:2, instance:com.vtiger.scripts.TestContactModule@cc285f4]" name="createContactWithFname" duration-ms="32391" started-at="2020-01-27T22:17:53Z" finished-at="2020-01-27T22:18:25Z">
          <reporter-output>
          </reporter-output>
        </test-method> <!-- createContactWithFname -->
        <test-method status="PASS" signature="testSignOut()[pri:0, instance:com.vtiger.scripts.TestContactModule@cc285f4]" name="testSignOut" is-config="true" duration-ms="2628" started-at="2020-01-27T22:18:25Z" finished-at="2020-01-27T22:18:28Z">
          <reporter-output>
          </reporter-output>
        </test-method> <!-- testSignOut -->
        <test-method status="PASS" signature="testLogin()[pri:0, instance:com.vtiger.scripts.TestContactModule@cc285f4]" name="testLogin" is-config="true" duration-ms="5575" started-at="2020-01-27T22:18:28Z" finished-at="2020-01-27T22:18:33Z">
          <reporter-output>
          </reporter-output>
        </test-method> <!-- testLogin -->
        <test-method status="PASS" signature="createContactWithPhno()[pri:3, instance:com.vtiger.scripts.TestContactModule@cc285f4]" name="createContactWithPhno" duration-ms="33870" started-at="2020-01-27T22:18:33Z" finished-at="2020-01-27T22:19:07Z">
          <reporter-output>
          </reporter-output>
        </test-method> <!-- createContactWithPhno -->
        <test-method status="PASS" signature="testSignOut()[pri:0, instance:com.vtiger.scripts.TestContactModule@cc285f4]" name="testSignOut" is-config="true" duration-ms="3525" started-at="2020-01-27T22:19:07Z" finished-at="2020-01-27T22:19:11Z">
          <reporter-output>
          </reporter-output>
        </test-method> <!-- testSignOut -->
        <test-method status="PASS" signature="closeApplication()[pri:0, instance:com.vtiger.scripts.TestContactModule@cc285f4]" name="closeApplication" is-config="true" duration-ms="2286" started-at="2020-01-27T22:19:11Z" finished-at="2020-01-27T22:19:13Z">
          <reporter-output>
          </reporter-output>
        </test-method> <!-- closeApplication -->
      </class> <!-- com.vtiger.scripts.TestContactModule -->
    </test> <!-- Test3 -->
    <test name="Test2" duration-ms="172042" started-at="2020-01-27T16:46:48Z" finished-at="2020-01-27T16:49:40Z">
      <class name="com.vtiger.scripts.TestCampignModule">
        <test-method status="PASS" signature="openBrowser(java.lang.String)[pri:0, instance:com.vtiger.scripts.TestCampignModule@4cc0edeb]" name="openBrowser" is-config="true" duration-ms="10721" started-at="2020-01-27T22:16:48Z" finished-at="2020-01-27T22:16:59Z">
          <params>
            <param index="0">
              <value>
                <![CDATA[chrome]]>
              </value>
            </param>
          </params>
          <reporter-output>
          </reporter-output>
        </test-method> <!-- openBrowser -->
        <test-method status="PASS" signature="testLogin()[pri:0, instance:com.vtiger.scripts.TestCampignModule@4cc0edeb]" name="testLogin" is-config="true" duration-ms="13553" started-at="2020-01-27T22:16:59Z" finished-at="2020-01-27T22:17:13Z">
          <reporter-output>
          </reporter-output>
        </test-method> <!-- testLogin -->
        <test-method status="PASS" signature="testCreateProduct()[pri:1, instance:com.vtiger.scripts.TestCampignModule@4cc0edeb]" name="testCreateProduct" duration-ms="33134" started-at="2020-01-27T22:17:13Z" finished-at="2020-01-27T22:17:46Z">
          <reporter-output>
          </reporter-output>
        </test-method> <!-- testCreateProduct -->
        <test-method status="PASS" signature="testSignOut()[pri:0, instance:com.vtiger.scripts.TestCampignModule@4cc0edeb]" name="testSignOut" is-config="true" duration-ms="2240" started-at="2020-01-27T22:17:46Z" finished-at="2020-01-27T22:17:48Z">
          <reporter-output>
          </reporter-output>
        </test-method> <!-- testSignOut -->
        <test-method status="PASS" signature="testLogin()[pri:0, instance:com.vtiger.scripts.TestCampignModule@4cc0edeb]" name="testLogin" is-config="true" duration-ms="5487" started-at="2020-01-27T22:17:48Z" finished-at="2020-01-27T22:17:53Z">
          <reporter-output>
          </reporter-output>
        </test-method> <!-- testLogin -->
        <test-method status="PASS" signature="testCreateCampaigns()[pri:2, instance:com.vtiger.scripts.TestCampignModule@4cc0edeb]" name="testCreateCampaigns" duration-ms="31819" started-at="2020-01-27T22:17:53Z" finished-at="2020-01-27T22:18:25Z">
          <reporter-output>
          </reporter-output>
        </test-method> <!-- testCreateCampaigns -->
        <test-method status="PASS" signature="testSignOut()[pri:0, instance:com.vtiger.scripts.TestCampignModule@4cc0edeb]" name="testSignOut" is-config="true" duration-ms="3730" started-at="2020-01-27T22:18:25Z" finished-at="2020-01-27T22:18:29Z">
          <reporter-output>
          </reporter-output>
        </test-method> <!-- testSignOut -->
        <test-method status="PASS" signature="testLogin()[pri:0, instance:com.vtiger.scripts.TestCampignModule@4cc0edeb]" name="testLogin" is-config="true" duration-ms="6000" started-at="2020-01-27T22:18:29Z" finished-at="2020-01-27T22:18:35Z">
          <reporter-output>
          </reporter-output>
        </test-method> <!-- testLogin -->
        <test-method status="PASS" signature="testCreateCampaignsWithActualCost()[pri:3, instance:com.vtiger.scripts.TestCampignModule@4cc0edeb]" name="testCreateCampaignsWithActualCost" duration-ms="32128" started-at="2020-01-27T22:18:35Z" finished-at="2020-01-27T22:19:07Z">
          <reporter-output>
          </reporter-output>
        </test-method> <!-- testCreateCampaignsWithActualCost -->
        <test-method status="PASS" signature="testSignOut()[pri:0, instance:com.vtiger.scripts.TestCampignModule@4cc0edeb]" name="testSignOut" is-config="true" duration-ms="4202" started-at="2020-01-27T22:19:07Z" finished-at="2020-01-27T22:19:11Z">
          <reporter-output>
          </reporter-output>
        </test-method> <!-- testSignOut -->
        <test-method status="PASS" signature="testLogin()[pri:0, instance:com.vtiger.scripts.TestCampignModule@4cc0edeb]" name="testLogin" is-config="true" duration-ms="4131" started-at="2020-01-27T22:19:11Z" finished-at="2020-01-27T22:19:15Z">
          <reporter-output>
          </reporter-output>
        </test-method> <!-- testLogin -->
        <test-method status="PASS" signature="testCreateCampaignsWithExpectedRevenue()[pri:4, instance:com.vtiger.scripts.TestCampignModule@4cc0edeb]" name="testCreateCampaignsWithExpectedRevenue" duration-ms="22260" started-at="2020-01-27T22:19:15Z" finished-at="2020-01-27T22:19:38Z">
          <reporter-output>
          </reporter-output>
        </test-method> <!-- testCreateCampaignsWithExpectedRevenue -->
        <test-method status="PASS" signature="testSignOut()[pri:0, instance:com.vtiger.scripts.TestCampignModule@4cc0edeb]" name="testSignOut" is-config="true" duration-ms="2516" started-at="2020-01-27T22:19:38Z" finished-at="2020-01-27T22:19:40Z">
          <reporter-output>
          </reporter-output>
        </test-method> <!-- testSignOut -->
        <test-method status="PASS" signature="closeApplication()[pri:0, instance:com.vtiger.scripts.TestCampignModule@4cc0edeb]" name="closeApplication" is-config="true" duration-ms="97" started-at="2020-01-27T22:19:40Z" finished-at="2020-01-27T22:19:40Z">
          <reporter-output>
          </reporter-output>
        </test-method> <!-- closeApplication -->
      </class> <!-- com.vtiger.scripts.TestCampignModule -->
    </test> <!-- Test2 -->
    <test name="Test1" duration-ms="173129" started-at="2020-01-27T16:46:48Z" finished-at="2020-01-27T16:49:41Z">
      <class name="com.vtiger.scripts.TestCreateOrganization">
        <test-method status="PASS" signature="openBrowser(java.lang.String)[pri:0, instance:com.vtiger.scripts.TestCreateOrganization@51efea79]" name="openBrowser" is-config="true" duration-ms="11084" started-at="2020-01-27T22:16:48Z" finished-at="2020-01-27T22:16:59Z">
          <params>
            <param index="0">
              <value>
                <![CDATA[chrome]]>
              </value>
            </param>
          </params>
          <reporter-output>
          </reporter-output>
        </test-method> <!-- openBrowser -->
        <test-method status="PASS" signature="testLogin()[pri:0, instance:com.vtiger.scripts.TestCreateOrganization@51efea79]" name="testLogin" is-config="true" duration-ms="15315" started-at="2020-01-27T22:16:59Z" finished-at="2020-01-27T22:17:15Z">
          <reporter-output>
          </reporter-output>
        </test-method> <!-- testLogin -->
        <test-method status="PASS" signature="testCreateOrganizationPre()[pri:2, instance:com.vtiger.scripts.TestCreateOrganization@51efea79]" name="testCreateOrganizationPre" duration-ms="45026" started-at="2020-01-27T22:17:15Z" finished-at="2020-01-27T22:18:00Z">
          <reporter-output>
          </reporter-output>
        </test-method> <!-- testCreateOrganizationPre -->
        <test-method status="PASS" signature="testSignOut()[pri:0, instance:com.vtiger.scripts.TestCreateOrganization@51efea79]" name="testSignOut" is-config="true" duration-ms="2268" started-at="2020-01-27T22:18:00Z" finished-at="2020-01-27T22:18:02Z">
          <reporter-output>
          </reporter-output>
        </test-method> <!-- testSignOut -->
        <test-method status="PASS" signature="testLogin()[pri:0, instance:com.vtiger.scripts.TestCreateOrganization@51efea79]" name="testLogin" is-config="true" duration-ms="5000" started-at="2020-01-27T22:18:02Z" finished-at="2020-01-27T22:18:07Z">
          <reporter-output>
          </reporter-output>
        </test-method> <!-- testLogin -->
        <test-method status="PASS" signature="testCreateOrganization()[pri:3, instance:com.vtiger.scripts.TestCreateOrganization@51efea79]" name="testCreateOrganization" duration-ms="46777" started-at="2020-01-27T22:18:07Z" finished-at="2020-01-27T22:18:54Z">
          <reporter-output>
          </reporter-output>
        </test-method> <!-- testCreateOrganization -->
        <test-method status="PASS" signature="testSignOut()[pri:0, instance:com.vtiger.scripts.TestCreateOrganization@51efea79]" name="testSignOut" is-config="true" duration-ms="2587" started-at="2020-01-27T22:18:54Z" finished-at="2020-01-27T22:18:56Z">
          <reporter-output>
          </reporter-output>
        </test-method> <!-- testSignOut -->
        <test-method status="PASS" signature="testLogin()[pri:0, instance:com.vtiger.scripts.TestCreateOrganization@51efea79]" name="testLogin" is-config="true" duration-ms="5035" started-at="2020-01-27T22:18:56Z" finished-at="2020-01-27T22:19:01Z">
          <reporter-output>
          </reporter-output>
        </test-method> <!-- testLogin -->
        <test-method status="PASS" signature="testCreateOrganizationWithPhoneNo()[pri:4, instance:com.vtiger.scripts.TestCreateOrganization@51efea79]" name="testCreateOrganizationWithPhoneNo" duration-ms="35795" started-at="2020-01-27T22:19:01Z" finished-at="2020-01-27T22:19:37Z">
          <reporter-output>
          </reporter-output>
        </test-method> <!-- testCreateOrganizationWithPhoneNo -->
        <test-method status="PASS" signature="testSignOut()[pri:0, instance:com.vtiger.scripts.TestCreateOrganization@51efea79]" name="testSignOut" is-config="true" duration-ms="2124" started-at="2020-01-27T22:19:37Z" finished-at="2020-01-27T22:19:39Z">
          <reporter-output>
          </reporter-output>
        </test-method> <!-- testSignOut -->
        <test-method status="PASS" signature="closeApplication()[pri:0, instance:com.vtiger.scripts.TestCreateOrganization@51efea79]" name="closeApplication" is-config="true" duration-ms="2099" started-at="2020-01-27T22:19:39Z" finished-at="2020-01-27T22:19:41Z">
          <reporter-output>
          </reporter-output>
        </test-method> <!-- closeApplication -->
      </class> <!-- com.vtiger.scripts.TestCreateOrganization -->
    </test> <!-- Test1 -->
  </suite> <!-- Suite -->
</testng-results>
