<?xml version="1.0" encoding="UTF-8"?>
<!-- Generated by org.testng.reporters.JUnitXMLReporter -->
<testsuite hostname="Rooja-PC" name="Test1" tests="3" failures="0" timestamp="27 Jan 2020 16:49:41 GMT" time="173.129" errors="0">
  <testcase name="testCreateOrganizationPre" time="45.026" classname="com.vtiger.scripts.TestCreateOrganization"/>
  <testcase name="testCreateOrganization" time="46.777" classname="com.vtiger.scripts.TestCreateOrganization"/>
  <testcase name="testCreateOrganizationWithPhoneNo" time="35.795" classname="com.vtiger.scripts.TestCreateOrganization"/>
</testsuite> <!-- Test1 -->
