<?xml version="1.0" encoding="UTF-8"?>
<!-- Generated by org.testng.reporters.JUnitXMLReporter -->
<testsuite hostname="Rooja-PC" name="Test" tests="7" failures="0" timestamp="27 Jan 2020 16:03:20 GMT" time="198.675" errors="0">
  <testcase name="testCreateOrganizationPre" time="22.743" classname="com.vtiger.scripts.TestCreateOrganization"/>
  <testcase name="testCreateOrganizationWithPhoneNo" time="27.377" classname="com.vtiger.scripts.TestCreateOrganization"/>
  <testcase name="testCreateProduct" time="16.21" classname="com.vtiger.scripts.TestCampignModule"/>
  <testcase name="testCreateCampaignsWithActualCost" time="17.231" classname="com.vtiger.scripts.TestCampignModule"/>
  <testcase name="testCreateCampaignsWithExpectedRevenue" time="16.021" classname="com.vtiger.scripts.TestCampignModule"/>
  <testcase name="createContactWithFname" time="15.888" classname="com.vtiger.scripts.TestContactModule"/>
  <testcase name="createContactWithPhno" time="15.721" classname="com.vtiger.scripts.TestContactModule"/>
</testsuite> <!-- Test -->
