<?xml version="1.0" encoding="UTF-8"?>
<!-- Generated by org.testng.reporters.JUnitXMLReporter -->
<testsuite hostname="Rooja-PC" name="Test3" tests="3" failures="0" timestamp="27 Jan 2020 16:49:13 GMT" time="144.744" errors="0">
  <testcase name="createContact" time="33.733" classname="com.vtiger.scripts.TestContactModule"/>
  <testcase name="createContactWithFname" time="32.391" classname="com.vtiger.scripts.TestContactModule"/>
  <testcase name="createContactWithPhno" time="33.87" classname="com.vtiger.scripts.TestContactModule"/>
</testsuite> <!-- Test3 -->
