<?xml version="1.0" encoding="UTF-8"?>
<!-- Generated by org.testng.reporters.JUnitXMLReporter -->
<testsuite hostname="Rooja-PC" name="Test2" tests="4" failures="0" timestamp="27 Jan 2020 16:49:40 GMT" time="172.042" errors="0">
  <testcase name="testCreateProduct" time="33.134" classname="com.vtiger.scripts.TestCampignModule"/>
  <testcase name="testCreateCampaigns" time="31.819" classname="com.vtiger.scripts.TestCampignModule"/>
  <testcase name="testCreateCampaignsWithActualCost" time="32.128" classname="com.vtiger.scripts.TestCampignModule"/>
  <testcase name="testCreateCampaignsWithExpectedRevenue" time="22.26" classname="com.vtiger.scripts.TestCampignModule"/>
</testsuite> <!-- Test2 -->
