<?xml version="1.0" encoding="UTF-8"?>
<!-- Generated by org.testng.reporters.JUnitXMLReporter -->
<testsuite hostname="Rooja-PC" name="Default test" tests="3" failures="0" timestamp="27 Jan 2020 15:38:20 GMT" time="63.328" errors="0">
  <testcase name="createContact" time="12.954" classname="com.vtiger.scripts.TestContactModule"/>
  <testcase name="createContactWithFname" time="12.516" classname="com.vtiger.scripts.TestContactModule"/>
  <testcase name="createContactWithPhno" time="12.795" classname="com.vtiger.scripts.TestContactModule"/>
</testsuite> <!-- Default test -->
